{"uuid":"6f7fd608-5e1f-470c-a6d0-5f8fd89a104c","historyId":"84c3fe55f41bea89370929ae216545f9","fullName":"tester.com.testcases.HomeTest.testConvertWebElementToBy","labels":[{"name":"package","value":"tester.com.testcases.HomeTest"},{"name":"testClass","value":"tester.com.testcases.HomeTest"},{"name":"testMethod","value":"testConvertWebElementToBy"},{"name":"parentSuite","value":"Default Suite"},{"name":"suite","value":"ProjectDemo"},{"name":"subSuite","value":"tester.com.testcases.HomeTest"},{"name":"host","value":"DESKTOP-I4GMTEV"},{"name":"thread","value":"3384@DESKTOP-I4GMTEV.main(1)"},{"name":"framework","value":"testng"},{"name":"language","value":"java"}],"links":[],"name":"testConvertWebElementToBy","status":"failed","statusDetails":{"known":false,"muted":false,"flaky":false,"message":"Timeout waiting for the element Visible. By.id: bkmgFlights_origin_trip_1","trace":"java.lang.AssertionError: Timeout waiting for the element Visible. By.id: bkmgFlights_origin_trip_1\r\n\tat org.testng.Assert.fail(Assert.java:99)\r\n\tat tester.com.utils.WebUI.waitForElementVisible(WebUI.java:1642)\r\n\tat tester.com.utils.WebUI.setText(WebUI.java:1307)\r\n\tat tester.com.pages.Home.HomePage.inputFromTextbox(HomePage.java:16)\r\n\tat tester.com.testcases.HomeTest.testConvertWebElementToBy(HomeTest.java:26)\r\n\tat sun.reflect.NativeMethodAccessorImpl.invoke0(Native Method)\r\n\tat sun.reflect.NativeMethodAccessorImpl.invoke(NativeMethodAccessorImpl.java:62)\r\n\tat sun.reflect.DelegatingMethodAccessorImpl.invoke(DelegatingMethodAccessorImpl.java:43)\r\n\tat java.lang.reflect.Method.invoke(Method.java:498)\r\n\tat org.testng.internal.MethodInvocationHelper.invokeMethod(MethodInvocationHelper.java:133)\r\n\tat org.testng.internal.TestInvoker.invokeMethod(TestInvoker.java:598)\r\n\tat org.testng.internal.TestInvoker.invokeTestMethod(TestInvoker.java:173)\r\n\tat org.testng.internal.MethodRunner.runInSequence(MethodRunner.java:46)\r\n\tat org.testng.internal.TestInvoker$MethodInvocationAgent.invoke(TestInvoker.java:824)\r\n\tat org.testng.internal.TestInvoker.invokeTestMethods(TestInvoker.java:146)\r\n\tat org.testng.internal.TestMethodWorker.invokeTestMethods(TestMethodWorker.java:146)\r\n\tat org.testng.internal.TestMethodWorker.run(TestMethodWorker.java:128)\r\n\tat java.util.ArrayList.forEach(ArrayList.java:1257)\r\n\tat org.testng.TestRunner.privateRun(TestRunner.java:794)\r\n\tat org.testng.TestRunner.run(TestRunner.java:596)\r\n\tat org.testng.SuiteRunner.runTest(SuiteRunner.java:377)\r\n\tat org.testng.SuiteRunner.runSequentially(SuiteRunner.java:371)\r\n\tat org.testng.SuiteRunner.privateRun(SuiteRunner.java:332)\r\n\tat org.testng.SuiteRunner.run(SuiteRunner.java:276)\r\n\tat org.testng.SuiteRunnerWorker.runSuite(SuiteRunnerWorker.java:53)\r\n\tat org.testng.SuiteRunnerWorker.run(SuiteRunnerWorker.java:96)\r\n\tat org.testng.TestNG.runSuitesSequentially(TestNG.java:1212)\r\n\tat org.testng.TestNG.runSuitesLocally(TestNG.java:1134)\r\n\tat org.testng.TestNG.runSuites(TestNG.java:1063)\r\n\tat org.testng.TestNG.run(TestNG.java:1031)\r\n\tat com.intellij.rt.testng.IDEARemoteTestNG.run(IDEARemoteTestNG.java:66)\r\n\tat com.intellij.rt.testng.RemoteTestNGStarter.main(RemoteTestNGStarter.java:109)\r\n"},"stage":"finished","steps":[{"name":"Open website with get URL","status":"passed","stage":"finished","steps":[],"attachments":[{"name":"Open URL: https://www.aircanada.com/ca/en/aco/home.html","source":"836ba099-68df-4dd5-87e5-ff0e34fde5ec-attachment","type":"text/plain"}],"parameters":[{"name":"URL","value":"https://www.aircanada.com/ca/en/aco/home.html"}],"start":1661768562368,"stop":1661768564532},{"name":"Set value in textbox","status":"failed","statusDetails":{"known":false,"muted":false,"flaky":false,"message":"Timeout waiting for the element Visible. By.id: bkmgFlights_origin_trip_1","trace":"java.lang.AssertionError: Timeout waiting for the element Visible. By.id: bkmgFlights_origin_trip_1\r\n\tat org.testng.Assert.fail(Assert.java:99)\r\n\tat tester.com.utils.WebUI.waitForElementVisible(WebUI.java:1642)\r\n\tat tester.com.utils.WebUI.setText(WebUI.java:1307)\r\n\tat tester.com.pages.Home.HomePage.inputFromTextbox(HomePage.java:16)\r\n\tat tester.com.testcases.HomeTest.testConvertWebElementToBy(HomeTest.java:26)\r\n\tat sun.reflect.NativeMethodAccessorImpl.invoke0(Native Method)\r\n\tat sun.reflect.NativeMethodAccessorImpl.invoke(NativeMethodAccessorImpl.java:62)\r\n\tat sun.reflect.DelegatingMethodAccessorImpl.invoke(DelegatingMethodAccessorImpl.java:43)\r\n\tat java.lang.reflect.Method.invoke(Method.java:498)\r\n\tat org.testng.internal.MethodInvocationHelper.invokeMethod(MethodInvocationHelper.java:133)\r\n\tat org.testng.internal.TestInvoker.invokeMethod(TestInvoker.java:598)\r\n\tat org.testng.internal.TestInvoker.invokeTestMethod(TestInvoker.java:173)\r\n\tat org.testng.internal.MethodRunner.runInSequence(MethodRunner.java:46)\r\n\tat org.testng.internal.TestInvoker$MethodInvocationAgent.invoke(TestInvoker.java:824)\r\n\tat org.testng.internal.TestInvoker.invokeTestMethods(TestInvoker.java:146)\r\n\tat org.testng.internal.TestMethodWorker.invokeTestMethods(TestMethodWorker.java:146)\r\n\tat org.testng.internal.TestMethodWorker.run(TestMethodWorker.java:128)\r\n\tat java.util.ArrayList.forEach(ArrayList.java:1257)\r\n\tat org.testng.TestRunner.privateRun(TestRunner.java:794)\r\n\tat org.testng.TestRunner.run(TestRunner.java:596)\r\n\tat org.testng.SuiteRunner.runTest(SuiteRunner.java:377)\r\n\tat org.testng.SuiteRunner.runSequentially(SuiteRunner.java:371)\r\n\tat org.testng.SuiteRunner.privateRun(SuiteRunner.java:332)\r\n\tat org.testng.SuiteRunner.run(SuiteRunner.java:276)\r\n\tat org.testng.SuiteRunnerWorker.runSuite(SuiteRunnerWorker.java:53)\r\n\tat org.testng.SuiteRunnerWorker.run(SuiteRunnerWorker.java:96)\r\n\tat org.testng.TestNG.runSuitesSequentially(TestNG.java:1212)\r\n\tat org.testng.TestNG.runSuitesLocally(TestNG.java:1134)\r\n\tat org.testng.TestNG.runSuites(TestNG.java:1063)\r\n\tat org.testng.TestNG.run(TestNG.java:1031)\r\n\tat com.intellij.rt.testng.IDEARemoteTestNG.run(IDEARemoteTestNG.java:66)\r\n\tat com.intellij.rt.testng.RemoteTestNGStarter.main(RemoteTestNGStarter.java:109)\r\n"},"stage":"finished","steps":[],"attachments":[],"parameters":[{"name":"by","value":"By.id: bkmgFlights_origin_trip_1"},{"name":"value","value":"Vancouver YVR"}],"start":1661768578236,"stop":1661768590327}],"attachments":[{"name":"Failed test screenshot","source":"c8317448-3911-49bc-9e7b-fee826467f3d-attachment","type":"image/png"}],"parameters":[],"start":1661768326844,"stop":1661768658522}